2021-08-12 12:35:33,777 INFO  [org.jboss.modules] (main) JBoss Modules version 1.11.0.Final
2021-08-12 12:35:34,775 INFO  [org.jboss.msc] (main) JBoss MSC version 1.4.12.Final
2021-08-12 12:35:34,790 INFO  [org.jboss.threads] (main) JBoss Threads version 2.4.0.Final
2021-08-12 12:35:35,003 INFO  [org.jboss.as] (MSC service thread 1-3) WFLYSRV0049: WildFly Full 23.0.2.Final (WildFly Core 15.0.1.Final) starting
2021-08-12 12:35:35,005 DEBUG [org.jboss.as.config] (MSC service thread 1-3) Configured system properties:
	file.encoding = UTF-8
	file.separator = /
	ftp.nonProxyHosts = local|*.local|169.254/16|*.169.254/16
	http.nonProxyHosts = local|*.local|169.254/16|*.169.254/16
	java.awt.headless = true
	java.class.path = /Users/Adrien/Documents/Enseignement/635-1 Advanced concepts and new technologies JAVA/TPs/rootJavaEE_sandbox/tools/wildfly-23.0.2.Final/jboss-modules.jar
	java.class.version = 59.0
	java.home = /Library/Java/JavaVirtualMachines/jdk-15.0.2.jdk/Contents/Home
	java.io.tmpdir = /var/folders/fv/j6j_n9nj4ld87b7zzqvrhv6m0000gn/T/
	java.library.path = /Users/Adrien/Library/Java/Extensions:/Library/Java/Extensions:/Network/Library/Java/Extensions:/System/Library/Java/Extensions:/usr/lib/java:.
	java.net.preferIPv4Stack = true
	java.runtime.name = OpenJDK Runtime Environment
	java.runtime.version = 15.0.2+7-27
	java.specification.name = Java Platform API Specification
	java.specification.vendor = Oracle Corporation
	java.specification.version = 15
	java.util.logging.manager = org.jboss.logmanager.LogManager
	java.vendor = Oracle Corporation
	java.vendor.url = https://java.oracle.com/
	java.vendor.url.bug = https://bugreport.java.com/bugreport/
	java.version = 15.0.2
	java.version.date = 2021-01-19
	java.vm.compressedOopsMode = Zero based
	java.vm.info = mixed mode, sharing
	java.vm.name = OpenJDK 64-Bit Server VM
	java.vm.specification.name = Java Virtual Machine Specification
	java.vm.specification.vendor = Oracle Corporation
	java.vm.specification.version = 15
	java.vm.vendor = Oracle Corporation
	java.vm.version = 15.0.2+7-27
	javax.management.builder.initial = org.jboss.as.jmx.PluggableMBeanServerBuilder
	jboss.bind.address = localhost
	jboss.bind.address.management = localhost
	jboss.home.dir = /Users/Adrien/Documents/Enseignement/635-1 Advanced concepts and new technologies JAVA/TPs/rootJavaEE_sandbox/tools/wildfly-23.0.2.Final
	jboss.host.name = adriens-macbook-pro-ii
	jboss.modules.dir = /Users/Adrien/Documents/Enseignement/635-1 Advanced concepts and new technologies JAVA/TPs/rootJavaEE_sandbox/tools/wildfly-23.0.2.Final/modules
	jboss.modules.system.pkgs = org.jboss.byteman
	jboss.node.name = adriens-macbook-pro-ii
	jboss.qualified.host.name = adriens-macbook-pro-ii.local
	jboss.server.base.dir = /Users/Adrien/Documents/Enseignement/635-1 Advanced concepts and new technologies JAVA/TPs/rootJavaEE_sandbox/tools/wildfly-23.0.2.Final/standalone
	jboss.server.config.dir = /Users/Adrien/Documents/Enseignement/635-1 Advanced concepts and new technologies JAVA/TPs/rootJavaEE_sandbox/tools/wildfly-23.0.2.Final/standalone/configuration
	jboss.server.data.dir = /Users/Adrien/Documents/Enseignement/635-1 Advanced concepts and new technologies JAVA/TPs/rootJavaEE_sandbox/tools/wildfly-23.0.2.Final/standalone/data
	jboss.server.deploy.dir = /Users/Adrien/Documents/Enseignement/635-1 Advanced concepts and new technologies JAVA/TPs/rootJavaEE_sandbox/tools/wildfly-23.0.2.Final/standalone/data/content
	jboss.server.log.dir = /Users/Adrien/Documents/Enseignement/635-1 Advanced concepts and new technologies JAVA/TPs/rootJavaEE_sandbox/tools/wildfly-23.0.2.Final/standalone/log
	jboss.server.name = adriens-macbook-pro-ii
	jboss.server.persist.config = true
	jboss.server.temp.dir = /Users/Adrien/Documents/Enseignement/635-1 Advanced concepts and new technologies JAVA/TPs/rootJavaEE_sandbox/tools/wildfly-23.0.2.Final/standalone/tmp
	jdk.debug = release
	line.separator = 

	logging.configuration = file:/Users/Adrien/Documents/Enseignement/635-1 Advanced concepts and new technologies JAVA/TPs/rootJavaEE_sandbox/tools/wildfly-23.0.2.Final/standalone/configuration/logging.properties
	module.path = /Users/Adrien/Documents/Enseignement/635-1 Advanced concepts and new technologies JAVA/TPs/rootJavaEE_sandbox/tools/wildfly-23.0.2.Final/modules
	org.jboss.boot.log.file = /Users/Adrien/Documents/Enseignement/635-1 Advanced concepts and new technologies JAVA/TPs/rootJavaEE_sandbox/tools/wildfly-23.0.2.Final/standalone/log/boot.log
	org.jboss.logmanager.nocolor = true
	org.jboss.resolver.warning = true
	os.arch = x86_64
	os.name = Mac OS X
	os.version = 10.16
	path.separator = :
	program.name = JBossTools: WildFly 23
	socksNonProxyHosts = local|*.local|169.254/16|*.169.254/16
	sun.arch.data.model = 64
	sun.boot.library.path = /Library/Java/JavaVirtualMachines/jdk-15.0.2.jdk/Contents/Home/lib
	sun.cpu.endian = little
	sun.io.unicode.encoding = UnicodeBig
	sun.java.command = org.jboss.modules.Main -mp /Users/Adrien/Documents/Enseignement/635-1 Advanced concepts and new technologies JAVA/TPs/rootJavaEE_sandbox/tools/wildfly-23.0.2.Final/modules org.jboss.as.standalone -b localhost --server-config=standalone.xml -Djboss.server.base.dir=/Users/Adrien/Documents/Enseignement/635-1 Advanced concepts and new technologies JAVA/TPs/rootJavaEE_sandbox/tools/wildfly-23.0.2.Final/standalone
	sun.java.launcher = SUN_STANDARD
	sun.jnu.encoding = UTF-8
	sun.management.compiler = HotSpot 64-Bit Tiered Compilers
	sun.rmi.dgc.client.gcInterval = 3600000
	sun.rmi.dgc.server.gcInterval = 3600000
	user.country = US
	user.dir = /Users/Adrien/Documents/Enseignement/635-1 Advanced concepts and new technologies JAVA/TPs/rootJavaEE_sandbox/tools/wildfly-23.0.2.Final/bin
	user.home = /Users/Adrien
	user.language = en
	user.name = Adrien
	user.timezone = Europe/Zurich
2021-08-12 12:35:35,008 DEBUG [org.jboss.as.config] (MSC service thread 1-3) VM Arguments: -Dprogram.name=JBossTools: WildFly 23 -Xms64m -Xmx512m -Dorg.jboss.resolver.warning=true -Djava.net.preferIPv4Stack=true -Dsun.rmi.dgc.client.gcInterval=3600000 -Dsun.rmi.dgc.server.gcInterval=3600000 -Djboss.modules.system.pkgs=org.jboss.byteman -Djava.awt.headless=true -Dorg.jboss.boot.log.file=/Users/Adrien/Documents/Enseignement/635-1 Advanced concepts and new technologies JAVA/TPs/rootJavaEE_sandbox/tools/wildfly-23.0.2.Final/standalone/log/boot.log -Dlogging.configuration=file:/Users/Adrien/Documents/Enseignement/635-1 Advanced concepts and new technologies JAVA/TPs/rootJavaEE_sandbox/tools/wildfly-23.0.2.Final/standalone/configuration/logging.properties -Djboss.home.dir=/Users/Adrien/Documents/Enseignement/635-1 Advanced concepts and new technologies JAVA/TPs/rootJavaEE_sandbox/tools/wildfly-23.0.2.Final -Dorg.jboss.logmanager.nocolor=true --add-exports=java.base/sun.nio.ch=ALL-UNNAMED --add-exports=jdk.unsupported/sun.misc=ALL-UNNAMED --add-exports=jdk.unsupported/sun.reflect=ALL-UNNAMED --add-modules=java.se -Djboss.bind.address.management=localhost -Dfile.encoding=UTF-8 -XX:+ShowCodeDetailsInExceptionMessages 
2021-08-12 12:35:36,042 INFO  [org.wildfly.security] (ServerService Thread Pool -- 25) ELY00001: WildFly Elytron version 1.15.3.Final
2021-08-12 12:35:36,425 INFO  [org.jboss.as.controller.management-deprecated] (ServerService Thread Pool -- 5) WFLYCTL0033: Extension 'security' is deprecated and may not be supported in future versions
2021-08-12 12:35:36,678 INFO  [org.jboss.as.controller.management-deprecated] (Controller Boot Thread) WFLYCTL0028: Attribute 'security-realm' in the resource at address '/core-service=management/management-interface=http-interface' is deprecated, and may be removed in a future version. See the attribute description in the output of the read-resource-description operation to learn more about the deprecation.
2021-08-12 12:35:36,713 INFO  [org.jboss.as.controller.management-deprecated] (ServerService Thread Pool -- 26) WFLYCTL0028: Attribute 'security-realm' in the resource at address '/subsystem=undertow/server=default-server/https-listener=https' is deprecated, and may be removed in a future version. See the attribute description in the output of the read-resource-description operation to learn more about the deprecation.
2021-08-12 12:35:36,803 INFO  [org.jboss.as.server] (Controller Boot Thread) WFLYSRV0039: Creating http management service using socket-binding (management-http)
2021-08-12 12:35:36,823 INFO  [org.xnio] (MSC service thread 1-7) XNIO version 3.8.4.Final
2021-08-12 12:35:36,833 INFO  [org.xnio.nio] (MSC service thread 1-7) XNIO NIO Implementation Version 3.8.4.Final
2021-08-12 12:35:36,867 INFO  [org.jboss.as.clustering.infinispan] (ServerService Thread Pool -- 53) WFLYCLINF0001: Activating Infinispan subsystem.
2021-08-12 12:35:36,868 INFO  [org.wildfly.extension.io] (ServerService Thread Pool -- 54) WFLYIO001: Worker 'default' has auto-configured to 16 IO threads with 128 max task threads based on your 8 available processors
2021-08-12 12:35:36,878 INFO  [org.wildfly.extension.health] (ServerService Thread Pool -- 52) WFLYHEALTH0001: Activating Base Health Subsystem
2021-08-12 12:35:36,886 INFO  [org.wildfly.extension.microprofile.config.smallrye._private] (ServerService Thread Pool -- 63) WFLYCONF0001: Activating WildFly MicroProfile Config Subsystem
2021-08-12 12:35:36,888 INFO  [org.wildfly.extension.microprofile.jwt.smallrye._private] (ServerService Thread Pool -- 64) WFLYJWT0001: Activating WildFly MicroProfile JWT Subsystem
2021-08-12 12:35:36,894 WARN  [org.jboss.as.txn] (ServerService Thread Pool -- 74) WFLYTX0013: The node-identifier attribute on the /subsystem=transactions is set to the default value. This is a danger for environments running multiple servers. Please make sure the attribute value is unique.
2021-08-12 12:35:36,900 INFO  [org.jboss.as.naming] (ServerService Thread Pool -- 66) WFLYNAM0001: Activating Naming Subsystem
2021-08-12 12:35:36,902 INFO  [org.wildfly.extension.microprofile.opentracing] (ServerService Thread Pool -- 65) WFLYTRACEXT0001: Activating MicroProfile OpenTracing Subsystem
2021-08-12 12:35:36,906 INFO  [org.jboss.as.jsf] (ServerService Thread Pool -- 60) WFLYJSF0007: Activated the following Jakarta Server Faces Implementations: [main]
2021-08-12 12:35:36,907 INFO  [org.jboss.as.security] (ServerService Thread Pool -- 72) WFLYSEC0002: Activating Security Subsystem
2021-08-12 12:35:36,908 INFO  [org.jboss.as.jaxrs] (ServerService Thread Pool -- 55) WFLYRS0016: RESTEasy version 3.15.1.Final
2021-08-12 12:35:36,911 INFO  [org.wildfly.extension.metrics] (ServerService Thread Pool -- 62) WFLYMETRICS0001: Activating Base Metrics Subsystem
2021-08-12 12:35:36,911 INFO  [org.jboss.as.webservices] (ServerService Thread Pool -- 76) WFLYWS0002: Activating WebServices Extension
2021-08-12 12:35:36,917 INFO  [org.jboss.as.security] (MSC service thread 1-5) WFLYSEC0001: Current PicketBox version=5.0.3.Final-redhat-00007
2021-08-12 12:35:36,918 INFO  [org.jboss.as.connector] (MSC service thread 1-8) WFLYJCA0009: Starting Jakarta Connectors Subsystem (WildFly/IronJacamar 1.4.27.Final)
2021-08-12 12:35:36,947 INFO  [org.jboss.as.connector.subsystems.datasources] (ServerService Thread Pool -- 44) WFLYJCA0004: Deploying JDBC-compliant driver class org.h2.Driver (version 1.4)
2021-08-12 12:35:36,954 INFO  [org.jboss.as.connector.deployers.jdbc] (MSC service thread 1-8) WFLYJCA0018: Started Driver service with driver-name = h2
2021-08-12 12:35:36,974 INFO  [org.wildfly.extension.undertow] (MSC service thread 1-2) WFLYUT0003: Undertow 2.2.5.Final starting
2021-08-12 12:35:36,980 INFO  [org.jboss.as.naming] (MSC service thread 1-1) WFLYNAM0003: Starting Naming Service
2021-08-12 12:35:36,981 INFO  [org.jboss.as.mail.extension] (MSC service thread 1-8) WFLYMAIL0001: Bound mail session [java:jboss/mail/Default]
2021-08-12 12:35:37,019 WARN  [org.wildfly.extension.elytron] (MSC service thread 1-6) WFLYELY00023: KeyStore file '/Users/Adrien/Documents/Enseignement/635-1 Advanced concepts and new technologies JAVA/TPs/rootJavaEE_sandbox/tools/wildfly-23.0.2.Final/standalone/configuration/application.keystore' does not exist. Used blank.
2021-08-12 12:35:37,028 WARN  [org.wildfly.extension.elytron] (MSC service thread 1-1) WFLYELY01084: KeyStore /Users/Adrien/Documents/Enseignement/635-1 Advanced concepts and new technologies JAVA/TPs/rootJavaEE_sandbox/tools/wildfly-23.0.2.Final/standalone/configuration/application.keystore not found, it will be auto generated on first use with a self-signed certificate for host localhost
2021-08-12 12:35:37,046 INFO  [org.wildfly.extension.undertow] (ServerService Thread Pool -- 75) WFLYUT0014: Creating file handler for path '/Users/Adrien/Documents/Enseignement/635-1 Advanced concepts and new technologies JAVA/TPs/rootJavaEE_sandbox/tools/wildfly-23.0.2.Final/welcome-content' with options [directory-listing: 'false', follow-symlink: 'false', case-sensitive: 'true', safe-symlink-paths: '[]']
2021-08-12 12:35:37,058 INFO  [org.jboss.remoting] (MSC service thread 1-4) JBoss Remoting version 5.0.20.Final
2021-08-12 12:35:37,064 INFO  [org.jboss.as.ejb3] (MSC service thread 1-8) WFLYEJB0482: Strict pool mdb-strict-max-pool is using a max instance size of 32 (per class), which is derived from the number of CPUs on this host.
2021-08-12 12:35:37,064 INFO  [org.jboss.as.ejb3] (MSC service thread 1-2) WFLYEJB0481: Strict pool slsb-strict-max-pool is using a max instance size of 128 (per class), which is derived from thread worker pool sizing.
2021-08-12 12:35:37,071 INFO  [org.wildfly.extension.undertow] (MSC service thread 1-2) WFLYUT0012: Started server default-server.
2021-08-12 12:35:37,072 INFO  [org.wildfly.extension.undertow] (MSC service thread 1-8) Queuing requests.
2021-08-12 12:35:37,073 INFO  [org.wildfly.extension.undertow] (MSC service thread 1-8) WFLYUT0018: Host default-host starting
2021-08-12 12:35:37,168 INFO  [org.wildfly.extension.undertow] (MSC service thread 1-2) WFLYUT0006: Undertow HTTP listener default listening on 127.0.0.1:8080
2021-08-12 12:35:37,218 INFO  [org.jboss.as.ejb3] (MSC service thread 1-3) WFLYEJB0493: Jakarta Enterprise Beans subsystem suspension complete
2021-08-12 12:35:37,309 INFO  [org.jboss.as.connector.subsystems.datasources] (MSC service thread 1-6) WFLYJCA0001: Bound data source [java:jboss/datasources/ExampleDS]
2021-08-12 12:35:37,623 INFO  [org.jboss.as.patching] (MSC service thread 1-6) WFLYPAT0050: WildFly Full cumulative patch ID is: base, one-off patches include: none
2021-08-12 12:35:37,637 WARN  [org.jboss.as.domain.management.security] (MSC service thread 1-3) WFLYDM0111: Keystore /Users/Adrien/Documents/Enseignement/635-1 Advanced concepts and new technologies JAVA/TPs/rootJavaEE_sandbox/tools/wildfly-23.0.2.Final/standalone/configuration/application.keystore not found, it will be auto generated on first use with a self signed certificate for host localhost
