/*C3*/SET SCHEMA PUBLIC
CONNECT USER SA
DISCONNECT
/*C4*/SET SCHEMA PUBLIC
CONNECT USER SA
alter table Renter_Movie drop constraint UK_e0vviaynnbiuckn6mepcapi3v
alter table Renter_Movie add constraint UK_e0vviaynnbiuckn6mepcapi3v unique (movies_id)
alter table Store_Employee drop constraint UK_4p5fnvdqbnovtlmsonka5e79o
alter table Store_Employee add constraint UK_4p5fnvdqbnovtlmsonka5e79o unique (employees_id)
alter table Store_Movie drop constraint UK_3gi62claluxohvcgoxiv5ges2
alter table Store_Movie add constraint UK_3gi62claluxohvcgoxiv5ges2 unique (movies_id)
SET AUTOCOMMIT FALSE
SET AUTOCOMMIT TRUE
alter table Renter_Movie drop constraint UK_e0vviaynnbiuckn6mepcapi3v
alter table Renter_Movie add constraint UK_e0vviaynnbiuckn6mepcapi3v unique (movies_id)
alter table Store_Employee drop constraint UK_4p5fnvdqbnovtlmsonka5e79o
alter table Store_Employee add constraint UK_4p5fnvdqbnovtlmsonka5e79o unique (employees_id)
alter table Store_Movie drop constraint UK_3gi62claluxohvcgoxiv5ges2
alter table Store_Movie add constraint UK_3gi62claluxohvcgoxiv5ges2 unique (movies_id)
SET AUTOCOMMIT FALSE
DISCONNECT
